state 17 contains 3 shift/reduce conflicts


-------- Grammar --------

rule 1 target: expr EOL
rule 2 term: VAR
rule 3 term: "(" expr ")"
rule 4 term: "\\" var_list "." expr
rule 5 var_list: VAR
rule 6 var_list: var_list VAR
rule 7 expr: term
rule 8 expr: expr term

------- Symbols -------

**Nonterminals, with rules where they appear

  $start (8)
    on right: 
    on left : 
  target (9)
    on right: 
    on left : 1
  expr (10)
    on right: 1 3 4 8
    on left : 7 8
  term (11)
    on right: 7 8
    on left : 2 3 4
  var_list (12)
    on right: 4 6
    on left : 5 6

**Terminals, with rules where they appear

  $end (0) 
  error (1) 
  EOL (2) 1
  VAR (3) 2 5 6
  "(" (4) 3
  ")" (5) 3
  "\\" (6) 4
  "." (7) 4

--------- State ---------

state 0


  VAR           shift, and go to state 3
  "("           shift, and go to state 4
  "\\"          shift, and go to state 5

  target        go to state 1
  expr          go to state 2
  term          go to state 6

state 1


  $end          shift, and go to state 7


state 2

   1) target : expr _ EOL
   8) expr : expr _ term

  EOL           shift, and go to state 8
  VAR           shift, and go to state 3
  "("           shift, and go to state 4
  "\\"          shift, and go to state 5

  term          go to state 9

state 3

   2) term : VAR _

  $default      reduce using rule 2 (term)


state 4

   3) term : "(" _ expr ")"

  VAR           shift, and go to state 3
  "("           shift, and go to state 4
  "\\"          shift, and go to state 5

  expr          go to state 10
  term          go to state 6

state 5

   4) term : "\\" _ var_list "." expr

  VAR           shift, and go to state 12

  var_list      go to state 11

state 6

   7) expr : term _

  $default      reduce using rule 7 (expr)


state 7


  $end          shift, and go to state 13


state 8

   1) target : expr EOL _

  $default      reduce using rule 1 (target)


state 9

   8) expr : expr term _

  $default      reduce using rule 8 (expr)


state 10

   3) term : "(" expr _ ")"
   8) expr : expr _ term

  VAR           shift, and go to state 3
  "("           shift, and go to state 4
  ")"           shift, and go to state 14
  "\\"          shift, and go to state 5

  term          go to state 9

state 11

   4) term : "\\" var_list _ "." expr
   6) var_list : var_list _ VAR

  VAR           shift, and go to state 16
  "."           shift, and go to state 15


state 12

   5) var_list : VAR _

  $default      reduce using rule 5 (var_list)


state 13


  $default      accept


state 14

   3) term : "(" expr ")" _

  $default      reduce using rule 3 (term)


state 15

   4) term : "\\" var_list "." _ expr

  VAR           shift, and go to state 3
  "("           shift, and go to state 4
  "\\"          shift, and go to state 5

  expr          go to state 17
  term          go to state 6

state 16

   6) var_list : var_list VAR _

  $default      reduce using rule 6 (var_list)


state 17

   4) term : "\\" var_list "." expr _
   8) expr : expr _ term

  VAR           shift, and go to state 3
  VAR           [reduce using rule 4 (term)]
  "("           shift, and go to state 4
  "("           [reduce using rule 4 (term)]
  "\\"          shift, and go to state 5
  "\\"          [reduce using rule 4 (term)]
  $default      reduce using rule 4 (term)

  term          go to state 9
